<?xml version="1.0" encoding="UTF-8"?>
<testsuite xmlns:xsi="http://www.w3.org/2001/XMLSchema-instance" xsi:noNamespaceSchemaLocation="https://maven.apache.org/surefire/maven-surefire-plugin/xsd/surefire-test-report.xsd" name="com.tausif.CheckOutTest" time="0.141" tests="9" errors="0" skipped="0" failures="0">
  <properties>
[...]
</properties>
  <testcase name="testRoundToHalf" classname="com.tausif.CheckOutTest" time="0.062"/>
  <testcase name="testRound" classname="com.tausif.CheckOutTest" time="0"/>
  <testcase name="testConstructor" classname="com.tausif.CheckOutTest" time="0.016"/>
  <testcase name="testTotal1" classname="com.tausif.CheckOutTest$testTotals" time="0.016"/>
  <testcase name="testTotal2" classname="com.tausif.CheckOutTest$testTotals" time="0"/>
  <testcase name="testTotal3" classname="com.tausif.CheckOutTest$testTotals" time="0"/>
  <testcase name="testTotal4" classname="com.tausif.CheckOutTest$testTotals" time="0.016"/>
  <testcase name="testAddToBasket1" classname="com.tausif.CheckOutTest$AddToBasket" time="0"/>
  <testcase name="testAddToBasket2" classname="com.tausif.CheckOutTest$AddToBasket" time="0"/>
</testsuite>